<?xml version="1.0" encoding="UTF-8"?>
<!-- Generated by org.testng.reporters.JUnitReportReporter -->
<testsuite skipped="0" hostname="DESKTOP-JSQFN5I" name="test.org.test.SDay4Q8" tests="1" failures="0" timestamp="16 Jan 2024 21:23:12 GMT" time="9.367" errors="0">
  <testcase name="test" time="9.367" classname="test.org.test.SDay4Q8"/>
</testsuite> <!-- test.org.test.SDay4Q8 -->
