<?xml version="1.0" encoding="UTF-8"?>
<!-- Generated by org.testng.reporters.JUnitReportReporter -->
<testsuite skipped="0" hostname="DESKTOP-JSQFN5I" name="test.org.test.SDay2Q8" tests="1" failures="0" timestamp="16 Jan 2024 18:44:39 GMT" time="23.528" errors="0">
  <testcase name="test" time="23.528" classname="test.org.test.SDay2Q8"/>
</testsuite> <!-- test.org.test.SDay2Q8 -->
