<?xml version="1.0" encoding="UTF-8"?>
<!-- Generated by org.testng.reporters.JUnitReportReporter -->
<testsuite skipped="0" hostname="DESKTOP-JSQFN5I" name="test.org.test.SDay5Q2" tests="1" failures="0" timestamp="16 Jan 2024 22:12:51 GMT" time="9.478" errors="0">
  <testcase name="test" time="9.478" classname="test.org.test.SDay5Q2"/>
</testsuite> <!-- test.org.test.SDay5Q2 -->
