<?xml version="1.0" encoding="UTF-8"?>
<!-- Generated by org.testng.reporters.JUnitReportReporter -->
<testsuite skipped="0" hostname="DESKTOP-JSQFN5I" name="test.org.test.SDay1Q1" tests="4" failures="0" timestamp="16 Jan 2024 18:16:02 GMT" time="28.597" errors="0">
  <testcase name="test3" time="6.269" classname="test.org.test.SDay1Q1"/>
  <testcase name="test1" time="5.578" classname="test.org.test.SDay1Q1"/>
  <testcase name="test" time="11.801" classname="test.org.test.SDay1Q1"/>
  <testcase name="test2" time="4.949" classname="test.org.test.SDay1Q1"/>
</testsuite> <!-- test.org.test.SDay1Q1 -->
