<?xml version="1.0" encoding="UTF-8"?>
<!-- Generated by org.testng.reporters.JUnitReportReporter -->
<testsuite skipped="0" hostname="DESKTOP-JSQFN5I" name="test.org.test.SDay3Q2" tests="1" failures="0" timestamp="16 Jan 2024 18:55:11 GMT" time="4.986" errors="0">
  <testcase name="test" time="4.986" classname="test.org.test.SDay3Q2"/>
</testsuite> <!-- test.org.test.SDay3Q2 -->
