<?xml version="1.0" encoding="UTF-8"?>
<!-- Generated by org.testng.reporters.JUnitReportReporter -->
<testsuite skipped="0" hostname="DESKTOP-JSQFN5I" name="test.org.test.SDay2Q3" tests="1" failures="0" timestamp="16 Jan 2024 18:32:26 GMT" time="4.859" errors="0">
  <testcase name="test" time="4.859" classname="test.org.test.SDay2Q3"/>
</testsuite> <!-- test.org.test.SDay2Q3 -->
