<?xml version="1.0" encoding="UTF-8"?>
<!-- Generated by org.testng.reporters.JUnitReportReporter -->
<testsuite skipped="0" hostname="DESKTOP-JSQFN5I" name="test.org.test.SDay3Q4" tests="1" failures="0" timestamp="16 Jan 2024 19:00:00 GMT" time="9.399" errors="0">
  <testcase name="test" time="9.399" classname="test.org.test.SDay3Q4"/>
</testsuite> <!-- test.org.test.SDay3Q4 -->
