<?xml version="1.0" encoding="UTF-8"?>
<!-- Generated by org.testng.reporters.JUnitReportReporter -->
<testsuite skipped="0" hostname="DESKTOP-JSQFN5I" name="test.org.test.SDay2Q4" tests="1" failures="0" timestamp="16 Jan 2024 18:34:28 GMT" time="22.864" errors="0">
  <testcase name="test" time="22.864" classname="test.org.test.SDay2Q4"/>
</testsuite> <!-- test.org.test.SDay2Q4 -->
