<?xml version="1.0" encoding="UTF-8"?>
<!-- Generated by org.testng.reporters.JUnitReportReporter -->
<testsuite skipped="0" hostname="DESKTOP-JSQFN5I" name="test.org.test.SDay2Q1" tests="1" failures="0" timestamp="16 Jan 2024 18:22:54 GMT" time="5.489" errors="0">
  <testcase name="test" time="5.489" classname="test.org.test.SDay2Q1"/>
</testsuite> <!-- test.org.test.SDay2Q1 -->
