<?xml version="1.0" encoding="UTF-8"?>
<!-- Generated by org.testng.reporters.JUnitReportReporter -->
<testsuite skipped="0" hostname="DESKTOP-JSQFN5I" name="test.org.test.SDay3Q9" tests="1" failures="0" timestamp="16 Jan 2024 19:30:25 GMT" time="16.019" errors="0">
  <testcase name="test" time="16.019" classname="test.org.test.SDay3Q9"/>
</testsuite> <!-- test.org.test.SDay3Q9 -->
