<?xml version="1.0" encoding="UTF-8"?>
<!-- Generated by org.testng.reporters.JUnitReportReporter -->
<testsuite skipped="0" hostname="DESKTOP-JSQFN5I" name="test.org.test.SDay1Q3" tests="4" failures="0" timestamp="16 Jan 2024 18:20:24 GMT" time="25.544" errors="0">
  <testcase name="test3" time="5.266" classname="test.org.test.SDay1Q3"/>
  <testcase name="test" time="12.670" classname="test.org.test.SDay1Q3"/>
  <testcase name="test1" time="4.706" classname="test.org.test.SDay1Q3"/>
  <testcase name="test2" time="2.902" classname="test.org.test.SDay1Q3"/>
</testsuite> <!-- test.org.test.SDay1Q3 -->
