<?xml version="1.0" encoding="UTF-8"?>
<!-- Generated by org.testng.reporters.JUnitReportReporter -->
<testsuite skipped="0" hostname="DESKTOP-JSQFN5I" name="test.org.test.SDay3Q5" tests="1" failures="0" timestamp="16 Jan 2024 19:18:29 GMT" time="8.850" errors="0">
  <testcase name="test" time="8.850" classname="test.org.test.SDay3Q5"/>
</testsuite> <!-- test.org.test.SDay3Q5 -->
