<?xml version="1.0" encoding="UTF-8"?>
<!-- Generated by org.testng.reporters.JUnitReportReporter -->
<testsuite skipped="0" hostname="DESKTOP-JSQFN5I" name="test.org.test.SDay1Q2" tests="4" failures="0" timestamp="16 Jan 2024 18:18:08 GMT" time="27.391" errors="0">
  <testcase name="test2" time="6.090" classname="test.org.test.SDay1Q2"/>
  <testcase name="test" time="11.783" classname="test.org.test.SDay1Q2"/>
  <testcase name="test3" time="5.877" classname="test.org.test.SDay1Q2"/>
  <testcase name="test1" time="3.641" classname="test.org.test.SDay1Q2"/>
</testsuite> <!-- test.org.test.SDay1Q2 -->
